The system is: Windows - 6.1 - AMD64
Compiling the C compiler identification source file "CMakeCCompilerId.c" succeeded.
Compiler:  
Build flags: 
Id flags: 

The output was:
0
Microsoft(R) 生成引擎版本 4.0.30319.36315
[Microsoft .NET Framework 版本 4.0.30319.36315]
版权所有(C) Microsoft Corporation 2007。保留所有权利。

生成启动时间为 2015/7/28 9:46:43。
节点 1 上的项目“E:\DSP\x265\x265_1.7\build\vc10-x86_64\CMakeFiles\3.3.0\CompilerIdC\CompilerIdC.vcxproj”(默认目标)。
PrepareForBuild:
  正在创建目录“Debug\”。
InitializeBuildStatus:
  正在创建“Debug\CompilerIdC.unsuccessfulbuild”，因为已指定“AlwaysCreate”。
ClCompile:
  D:\Program Files (x86)\Microsoft Visual Studio 10.0\VC\bin\x86_amd64\CL.exe /c /nologo /W0 /WX- /Od /D _MBCS /Gm- /EHsc /RTC1 /MDd /GS /fp:precise /Zc:wchar_t /Zc:forScope /Fo"Debug\\" /Fd"Debug\vc100.pdb" /Gd /TC /errorReport:queue CMakeCCompilerId.c
  CMakeCCompilerId.c
Link:
  D:\Program Files (x86)\Microsoft Visual Studio 10.0\VC\bin\x86_amd64\link.exe /ERRORREPORT:QUEUE /OUT:".\CompilerIdC.exe" /INCREMENTAL:NO /NOLOGO kernel32.lib user32.lib gdi32.lib winspool.lib comdlg32.lib advapi32.lib shell32.lib ole32.lib oleaut32.lib uuid.lib odbc32.lib odbccp32.lib /MANIFEST /ManifestFile:"Debug\CompilerIdC.exe.intermediate.manifest" /MANIFESTUAC:"level='asInvoker' uiAccess='false'" /PDB:"E:\DSP\x265\x265_1.7\build\vc10-x86_64\CMakeFiles\3.3.0\CompilerIdC\CompilerIdC.pdb" /SUBSYSTEM:CONSOLE /TLBID:1 /DYNAMICBASE /NXCOMPAT /IMPLIB:".\CompilerIdC.lib" /MACHINE:X64 Debug\CMakeCCompilerId.obj
  CompilerIdC.vcxproj -> E:\DSP\x265\x265_1.7\build\vc10-x86_64\CMakeFiles\3.3.0\CompilerIdC\.\CompilerIdC.exe
Manifest:
  C:\Program Files (x86)\Microsoft SDKs\Windows\v7.0A\bin\mt.exe /nologo /verbose /outputresource:".\CompilerIdC.exe;#1" /manifest Debug\CompilerIdC.exe.intermediate.manifest
PostBuildEvent:
  for %%i in (cl.exe) do @echo CMAKE_C_COMPILER=%%~$PATH:i
  :VCEnd
  CMAKE_C_COMPILER=D:\Program Files (x86)\Microsoft Visual Studio 10.0\VC\bin\x86_amd64\cl.exe
FinalizeBuildStatus:
  正在删除文件“Debug\CompilerIdC.unsuccessfulbuild”。
  正在对“Debug\CompilerIdC.lastbuildstate”执行 Touch 任务。
已完成生成项目“E:\DSP\x265\x265_1.7\build\vc10-x86_64\CMakeFiles\3.3.0\CompilerIdC\CompilerIdC.vcxproj”(默认目标)的操作。

已成功生成。
    0 个警告
    0 个错误

已用时间 00:00:01.56


Compilation of the C compiler identification source "CMakeCCompilerId.c" produced "CompilerIdC.exe"

Compilation of the C compiler identification source "CMakeCCompilerId.c" produced "CompilerIdC.vcxproj"

The C compiler identification is MSVC, found in "E:/DSP/x265/x265_1.7/build/vc10-x86_64/CMakeFiles/3.3.0/CompilerIdC/CompilerIdC.exe"

Compiling the CXX compiler identification source file "CMakeCXXCompilerId.cpp" succeeded.
Compiler:  
Build flags: 
Id flags: 

The output was:
0
Microsoft(R) 生成引擎版本 4.0.30319.36315
[Microsoft .NET Framework 版本 4.0.30319.36315]
版权所有(C) Microsoft Corporation 2007。保留所有权利。

生成启动时间为 2015/7/28 9:46:45。
节点 1 上的项目“E:\DSP\x265\x265_1.7\build\vc10-x86_64\CMakeFiles\3.3.0\CompilerIdCXX\CompilerIdCXX.vcxproj”(默认目标)。
PrepareForBuild:
  正在创建目录“Debug\”。
InitializeBuildStatus:
  正在创建“Debug\CompilerIdCXX.unsuccessfulbuild”，因为已指定“AlwaysCreate”。
ClCompile:
  D:\Program Files (x86)\Microsoft Visual Studio 10.0\VC\bin\x86_amd64\CL.exe /c /nologo /W0 /WX- /Od /D _MBCS /Gm- /EHsc /RTC1 /MDd /GS /fp:precise /Zc:wchar_t /Zc:forScope /Fo"Debug\\" /Fd"Debug\vc100.pdb" /Gd /TP /errorReport:queue CMakeCXXCompilerId.cpp
  CMakeCXXCompilerId.cpp
Link:
  D:\Program Files (x86)\Microsoft Visual Studio 10.0\VC\bin\x86_amd64\link.exe /ERRORREPORT:QUEUE /OUT:".\CompilerIdCXX.exe" /INCREMENTAL:NO /NOLOGO kernel32.lib user32.lib gdi32.lib winspool.lib comdlg32.lib advapi32.lib shell32.lib ole32.lib oleaut32.lib uuid.lib odbc32.lib odbccp32.lib /MANIFEST /ManifestFile:"Debug\CompilerIdCXX.exe.intermediate.manifest" /MANIFESTUAC:"level='asInvoker' uiAccess='false'" /PDB:"E:\DSP\x265\x265_1.7\build\vc10-x86_64\CMakeFiles\3.3.0\CompilerIdCXX\CompilerIdCXX.pdb" /SUBSYSTEM:CONSOLE /TLBID:1 /DYNAMICBASE /NXCOMPAT /IMPLIB:".\CompilerIdCXX.lib" /MACHINE:X64 Debug\CMakeCXXCompilerId.obj
  CompilerIdCXX.vcxproj -> E:\DSP\x265\x265_1.7\build\vc10-x86_64\CMakeFiles\3.3.0\CompilerIdCXX\.\CompilerIdCXX.exe
Manifest:
  C:\Program Files (x86)\Microsoft SDKs\Windows\v7.0A\bin\mt.exe /nologo /verbose /outputresource:".\CompilerIdCXX.exe;#1" /manifest Debug\CompilerIdCXX.exe.intermediate.manifest
PostBuildEvent:
  for %%i in (cl.exe) do @echo CMAKE_CXX_COMPILER=%%~$PATH:i
  :VCEnd
  CMAKE_CXX_COMPILER=D:\Program Files (x86)\Microsoft Visual Studio 10.0\VC\bin\x86_amd64\cl.exe
FinalizeBuildStatus:
  正在删除文件“Debug\CompilerIdCXX.unsuccessfulbuild”。
  正在对“Debug\CompilerIdCXX.lastbuildstate”执行 Touch 任务。
已完成生成项目“E:\DSP\x265\x265_1.7\build\vc10-x86_64\CMakeFiles\3.3.0\CompilerIdCXX\CompilerIdCXX.vcxproj”(默认目标)的操作。

已成功生成。
    0 个警告
    0 个错误

已用时间 00:00:01.24


Compilation of the CXX compiler identification source "CMakeCXXCompilerId.cpp" produced "CompilerIdCXX.exe"

Compilation of the CXX compiler identification source "CMakeCXXCompilerId.cpp" produced "CompilerIdCXX.vcxproj"

The CXX compiler identification is MSVC, found in "E:/DSP/x265/x265_1.7/build/vc10-x86_64/CMakeFiles/3.3.0/CompilerIdCXX/CompilerIdCXX.exe"

Compiling the C compiler identification source file "CMakeCCompilerId.c" succeeded.
Compiler:  
Build flags: ;/DWIN32;/D_WINDOWS;/W3
Id flags: 

The output was:
0
Microsoft(R) 生成引擎版本 4.0.30319.36315
[Microsoft .NET Framework 版本 4.0.30319.36315]
版权所有(C) Microsoft Corporation 2007。保留所有权利。

生成启动时间为 2015/7/28 9:47:46。
节点 1 上的项目“E:\DSP\x265\x265_1.7\build\vc10-x86_64\CMakeFiles\3.3.0\CompilerIdC\CompilerIdC.vcxproj”(默认目标)。
PrepareForBuild:
  正在创建目录“Debug\”。
InitializeBuildStatus:
  正在创建“Debug\CompilerIdC.unsuccessfulbuild”，因为已指定“AlwaysCreate”。
ClCompile:
  D:\Program Files (x86)\Microsoft Visual Studio 10.0\VC\bin\x86_amd64\CL.exe /c /nologo /W0 /WX- /Od /D _MBCS /Gm- /EHsc /RTC1 /MDd /GS /fp:precise /Zc:wchar_t /Zc:forScope /Fo"Debug\\" /Fd"Debug\vc100.pdb" /Gd /TC /errorReport:queue CMakeCCompilerId.c
  CMakeCCompilerId.c
Link:
  D:\Program Files (x86)\Microsoft Visual Studio 10.0\VC\bin\x86_amd64\link.exe /ERRORREPORT:QUEUE /OUT:".\CompilerIdC.exe" /INCREMENTAL:NO /NOLOGO kernel32.lib user32.lib gdi32.lib winspool.lib comdlg32.lib advapi32.lib shell32.lib ole32.lib oleaut32.lib uuid.lib odbc32.lib odbccp32.lib /MANIFEST /ManifestFile:"Debug\CompilerIdC.exe.intermediate.manifest" /MANIFESTUAC:"level='asInvoker' uiAccess='false'" /PDB:"E:\DSP\x265\x265_1.7\build\vc10-x86_64\CMakeFiles\3.3.0\CompilerIdC\CompilerIdC.pdb" /SUBSYSTEM:CONSOLE /TLBID:1 /DYNAMICBASE /NXCOMPAT /IMPLIB:".\CompilerIdC.lib" /MACHINE:X64 Debug\CMakeCCompilerId.obj
  CompilerIdC.vcxproj -> E:\DSP\x265\x265_1.7\build\vc10-x86_64\CMakeFiles\3.3.0\CompilerIdC\.\CompilerIdC.exe
Manifest:
  C:\Program Files (x86)\Microsoft SDKs\Windows\v7.0A\bin\mt.exe /nologo /verbose /outputresource:".\CompilerIdC.exe;#1" /manifest Debug\CompilerIdC.exe.intermediate.manifest
PostBuildEvent:
  for %%i in (cl.exe) do @echo CMAKE_C_COMPILER=%%~$PATH:i
  :VCEnd
  CMAKE_C_COMPILER=D:\Program Files (x86)\Microsoft Visual Studio 10.0\VC\bin\x86_amd64\cl.exe
FinalizeBuildStatus:
  正在删除文件“Debug\CompilerIdC.unsuccessfulbuild”。
  正在对“Debug\CompilerIdC.lastbuildstate”执行 Touch 任务。
已完成生成项目“E:\DSP\x265\x265_1.7\build\vc10-x86_64\CMakeFiles\3.3.0\CompilerIdC\CompilerIdC.vcxproj”(默认目标)的操作。

已成功生成。
    0 个警告
    0 个错误

已用时间 00:00:00.81


Compilation of the C compiler identification source "CMakeCCompilerId.c" produced "CompilerIdC.exe"

Compilation of the C compiler identification source "CMakeCCompilerId.c" produced "CompilerIdC.vcxproj"

The C compiler identification is MSVC, found in "E:/DSP/x265/x265_1.7/build/vc10-x86_64/CMakeFiles/3.3.0/CompilerIdC/CompilerIdC.exe"

Compiling the CXX compiler identification source file "CMakeCXXCompilerId.cpp" succeeded.
Compiler:  
Build flags: 
Id flags: 

The output was:
0
Microsoft(R) 生成引擎版本 4.0.30319.36315
[Microsoft .NET Framework 版本 4.0.30319.36315]
版权所有(C) Microsoft Corporation 2007。保留所有权利。

生成启动时间为 2015/7/28 9:47:47。
节点 1 上的项目“E:\DSP\x265\x265_1.7\build\vc10-x86_64\CMakeFiles\3.3.0\CompilerIdCXX\CompilerIdCXX.vcxproj”(默认目标)。
PrepareForBuild:
  正在创建目录“Debug\”。
InitializeBuildStatus:
  正在创建“Debug\CompilerIdCXX.unsuccessfulbuild”，因为已指定“AlwaysCreate”。
ClCompile:
  D:\Program Files (x86)\Microsoft Visual Studio 10.0\VC\bin\x86_amd64\CL.exe /c /nologo /W0 /WX- /Od /D _MBCS /Gm- /EHsc /RTC1 /MDd /GS /fp:precise /Zc:wchar_t /Zc:forScope /Fo"Debug\\" /Fd"Debug\vc100.pdb" /Gd /TP /errorReport:queue CMakeCXXCompilerId.cpp
  CMakeCXXCompilerId.cpp
Link:
  D:\Program Files (x86)\Microsoft Visual Studio 10.0\VC\bin\x86_amd64\link.exe /ERRORREPORT:QUEUE /OUT:".\CompilerIdCXX.exe" /INCREMENTAL:NO /NOLOGO kernel32.lib user32.lib gdi32.lib winspool.lib comdlg32.lib advapi32.lib shell32.lib ole32.lib oleaut32.lib uuid.lib odbc32.lib odbccp32.lib /MANIFEST /ManifestFile:"Debug\CompilerIdCXX.exe.intermediate.manifest" /MANIFESTUAC:"level='asInvoker' uiAccess='false'" /PDB:"E:\DSP\x265\x265_1.7\build\vc10-x86_64\CMakeFiles\3.3.0\CompilerIdCXX\CompilerIdCXX.pdb" /SUBSYSTEM:CONSOLE /TLBID:1 /DYNAMICBASE /NXCOMPAT /IMPLIB:".\CompilerIdCXX.lib" /MACHINE:X64 Debug\CMakeCXXCompilerId.obj
  CompilerIdCXX.vcxproj -> E:\DSP\x265\x265_1.7\build\vc10-x86_64\CMakeFiles\3.3.0\CompilerIdCXX\.\CompilerIdCXX.exe
Manifest:
  C:\Program Files (x86)\Microsoft SDKs\Windows\v7.0A\bin\mt.exe /nologo /verbose /outputresource:".\CompilerIdCXX.exe;#1" /manifest Debug\CompilerIdCXX.exe.intermediate.manifest
PostBuildEvent:
  for %%i in (cl.exe) do @echo CMAKE_CXX_COMPILER=%%~$PATH:i
  :VCEnd
  CMAKE_CXX_COMPILER=D:\Program Files (x86)\Microsoft Visual Studio 10.0\VC\bin\x86_amd64\cl.exe
FinalizeBuildStatus:
  正在删除文件“Debug\CompilerIdCXX.unsuccessfulbuild”。
  正在对“Debug\CompilerIdCXX.lastbuildstate”执行 Touch 任务。
已完成生成项目“E:\DSP\x265\x265_1.7\build\vc10-x86_64\CMakeFiles\3.3.0\CompilerIdCXX\CompilerIdCXX.vcxproj”(默认目标)的操作。

已成功生成。
    0 个警告
    0 个错误

已用时间 00:00:00.82


Compilation of the CXX compiler identification source "CMakeCXXCompilerId.cpp" produced "CompilerIdCXX.exe"

Compilation of the CXX compiler identification source "CMakeCXXCompilerId.cpp" produced "CompilerIdCXX.vcxproj"

The CXX compiler identification is MSVC, found in "E:/DSP/x265/x265_1.7/build/vc10-x86_64/CMakeFiles/3.3.0/CompilerIdCXX/CompilerIdCXX.exe"

Compiling the C compiler identification source file "CMakeCCompilerId.c" succeeded.
Compiler:  
Build flags: ;/DWIN32;/D_WINDOWS;/W3
Id flags: 

The output was:
0
Microsoft(R) 生成引擎版本 4.0.30319.36315
[Microsoft .NET Framework 版本 4.0.30319.36315]
版权所有(C) Microsoft Corporation 2007。保留所有权利。

生成启动时间为 2015/7/28 9:47:51。
节点 1 上的项目“E:\DSP\x265\x265_1.7\build\vc10-x86_64\CMakeFiles\3.3.0\CompilerIdC\CompilerIdC.vcxproj”(默认目标)。
PrepareForBuild:
  正在创建目录“Debug\”。
InitializeBuildStatus:
  正在创建“Debug\CompilerIdC.unsuccessfulbuild”，因为已指定“AlwaysCreate”。
ClCompile:
  D:\Program Files (x86)\Microsoft Visual Studio 10.0\VC\bin\x86_amd64\CL.exe /c /nologo /W0 /WX- /Od /D _MBCS /Gm- /EHsc /RTC1 /MDd /GS /fp:precise /Zc:wchar_t /Zc:forScope /Fo"Debug\\" /Fd"Debug\vc100.pdb" /Gd /TC /errorReport:queue CMakeCCompilerId.c
  CMakeCCompilerId.c
Link:
  D:\Program Files (x86)\Microsoft Visual Studio 10.0\VC\bin\x86_amd64\link.exe /ERRORREPORT:QUEUE /OUT:".\CompilerIdC.exe" /INCREMENTAL:NO /NOLOGO kernel32.lib user32.lib gdi32.lib winspool.lib comdlg32.lib advapi32.lib shell32.lib ole32.lib oleaut32.lib uuid.lib odbc32.lib odbccp32.lib /MANIFEST /ManifestFile:"Debug\CompilerIdC.exe.intermediate.manifest" /MANIFESTUAC:"level='asInvoker' uiAccess='false'" /PDB:"E:\DSP\x265\x265_1.7\build\vc10-x86_64\CMakeFiles\3.3.0\CompilerIdC\CompilerIdC.pdb" /SUBSYSTEM:CONSOLE /TLBID:1 /DYNAMICBASE /NXCOMPAT /IMPLIB:".\CompilerIdC.lib" /MACHINE:X64 Debug\CMakeCCompilerId.obj
  CompilerIdC.vcxproj -> E:\DSP\x265\x265_1.7\build\vc10-x86_64\CMakeFiles\3.3.0\CompilerIdC\.\CompilerIdC.exe
Manifest:
  C:\Program Files (x86)\Microsoft SDKs\Windows\v7.0A\bin\mt.exe /nologo /verbose /outputresource:".\CompilerIdC.exe;#1" /manifest Debug\CompilerIdC.exe.intermediate.manifest
PostBuildEvent:
  for %%i in (cl.exe) do @echo CMAKE_C_COMPILER=%%~$PATH:i
  :VCEnd
  CMAKE_C_COMPILER=D:\Program Files (x86)\Microsoft Visual Studio 10.0\VC\bin\x86_amd64\cl.exe
FinalizeBuildStatus:
  正在删除文件“Debug\CompilerIdC.unsuccessfulbuild”。
  正在对“Debug\CompilerIdC.lastbuildstate”执行 Touch 任务。
已完成生成项目“E:\DSP\x265\x265_1.7\build\vc10-x86_64\CMakeFiles\3.3.0\CompilerIdC\CompilerIdC.vcxproj”(默认目标)的操作。

已成功生成。
    0 个警告
    0 个错误

已用时间 00:00:00.78


Compilation of the C compiler identification source "CMakeCCompilerId.c" produced "CompilerIdC.exe"

Compilation of the C compiler identification source "CMakeCCompilerId.c" produced "CompilerIdC.vcxproj"

The C compiler identification is MSVC, found in "E:/DSP/x265/x265_1.7/build/vc10-x86_64/CMakeFiles/3.3.0/CompilerIdC/CompilerIdC.exe"

Compiling the CXX compiler identification source file "CMakeCXXCompilerId.cpp" succeeded.
Compiler:  
Build flags: 
Id flags: 

The output was:
0
Microsoft(R) 生成引擎版本 4.0.30319.36315
[Microsoft .NET Framework 版本 4.0.30319.36315]
版权所有(C) Microsoft Corporation 2007。保留所有权利。

生成启动时间为 2015/7/28 9:47:52。
节点 1 上的项目“E:\DSP\x265\x265_1.7\build\vc10-x86_64\CMakeFiles\3.3.0\CompilerIdCXX\CompilerIdCXX.vcxproj”(默认目标)。
PrepareForBuild:
  正在创建目录“Debug\”。
InitializeBuildStatus:
  正在创建“Debug\CompilerIdCXX.unsuccessfulbuild”，因为已指定“AlwaysCreate”。
ClCompile:
  D:\Program Files (x86)\Microsoft Visual Studio 10.0\VC\bin\x86_amd64\CL.exe /c /nologo /W0 /WX- /Od /D _MBCS /Gm- /EHsc /RTC1 /MDd /GS /fp:precise /Zc:wchar_t /Zc:forScope /Fo"Debug\\" /Fd"Debug\vc100.pdb" /Gd /TP /errorReport:queue CMakeCXXCompilerId.cpp
  CMakeCXXCompilerId.cpp
Link:
  D:\Program Files (x86)\Microsoft Visual Studio 10.0\VC\bin\x86_amd64\link.exe /ERRORREPORT:QUEUE /OUT:".\CompilerIdCXX.exe" /INCREMENTAL:NO /NOLOGO kernel32.lib user32.lib gdi32.lib winspool.lib comdlg32.lib advapi32.lib shell32.lib ole32.lib oleaut32.lib uuid.lib odbc32.lib odbccp32.lib /MANIFEST /ManifestFile:"Debug\CompilerIdCXX.exe.intermediate.manifest" /MANIFESTUAC:"level='asInvoker' uiAccess='false'" /PDB:"E:\DSP\x265\x265_1.7\build\vc10-x86_64\CMakeFiles\3.3.0\CompilerIdCXX\CompilerIdCXX.pdb" /SUBSYSTEM:CONSOLE /TLBID:1 /DYNAMICBASE /NXCOMPAT /IMPLIB:".\CompilerIdCXX.lib" /MACHINE:X64 Debug\CMakeCXXCompilerId.obj
  CompilerIdCXX.vcxproj -> E:\DSP\x265\x265_1.7\build\vc10-x86_64\CMakeFiles\3.3.0\CompilerIdCXX\.\CompilerIdCXX.exe
Manifest:
  C:\Program Files (x86)\Microsoft SDKs\Windows\v7.0A\bin\mt.exe /nologo /verbose /outputresource:".\CompilerIdCXX.exe;#1" /manifest Debug\CompilerIdCXX.exe.intermediate.manifest
PostBuildEvent:
  for %%i in (cl.exe) do @echo CMAKE_CXX_COMPILER=%%~$PATH:i
  :VCEnd
  CMAKE_CXX_COMPILER=D:\Program Files (x86)\Microsoft Visual Studio 10.0\VC\bin\x86_amd64\cl.exe
FinalizeBuildStatus:
  正在删除文件“Debug\CompilerIdCXX.unsuccessfulbuild”。
  正在对“Debug\CompilerIdCXX.lastbuildstate”执行 Touch 任务。
已完成生成项目“E:\DSP\x265\x265_1.7\build\vc10-x86_64\CMakeFiles\3.3.0\CompilerIdCXX\CompilerIdCXX.vcxproj”(默认目标)的操作。

已成功生成。
    0 个警告
    0 个错误

已用时间 00:00:02.81


Compilation of the CXX compiler identification source "CMakeCXXCompilerId.cpp" produced "CompilerIdCXX.exe"

Compilation of the CXX compiler identification source "CMakeCXXCompilerId.cpp" produced "CompilerIdCXX.vcxproj"

The CXX compiler identification is MSVC, found in "E:/DSP/x265/x265_1.7/build/vc10-x86_64/CMakeFiles/3.3.0/CompilerIdCXX/CompilerIdCXX.exe"

Compiling the C compiler identification source file "CMakeCCompilerId.c" succeeded.
Compiler:  
Build flags: ;/DWIN32;/D_WINDOWS;/W3
Id flags: 

The output was:
0
Microsoft(R) 生成引擎版本 4.0.30319.36315
[Microsoft .NET Framework 版本 4.0.30319.36315]
版权所有(C) Microsoft Corporation 2007。保留所有权利。

生成启动时间为 2015/7/28 9:51:45。
节点 1 上的项目“E:\DSP\x265\x265_1.7\build\vc10-x86_64\CMakeFiles\3.3.0\CompilerIdC\CompilerIdC.vcxproj”(默认目标)。
PrepareForBuild:
  正在创建目录“Debug\”。
InitializeBuildStatus:
  正在创建“Debug\CompilerIdC.unsuccessfulbuild”，因为已指定“AlwaysCreate”。
ClCompile:
  D:\Program Files (x86)\Microsoft Visual Studio 10.0\VC\bin\x86_amd64\CL.exe /c /nologo /W0 /WX- /Od /D _MBCS /Gm- /EHsc /RTC1 /MDd /GS /fp:precise /Zc:wchar_t /Zc:forScope /Fo"Debug\\" /Fd"Debug\vc100.pdb" /Gd /TC /errorReport:queue CMakeCCompilerId.c
  CMakeCCompilerId.c
Link:
  D:\Program Files (x86)\Microsoft Visual Studio 10.0\VC\bin\x86_amd64\link.exe /ERRORREPORT:QUEUE /OUT:".\CompilerIdC.exe" /INCREMENTAL:NO /NOLOGO kernel32.lib user32.lib gdi32.lib winspool.lib comdlg32.lib advapi32.lib shell32.lib ole32.lib oleaut32.lib uuid.lib odbc32.lib odbccp32.lib /MANIFEST /ManifestFile:"Debug\CompilerIdC.exe.intermediate.manifest" /MANIFESTUAC:"level='asInvoker' uiAccess='false'" /PDB:"E:\DSP\x265\x265_1.7\build\vc10-x86_64\CMakeFiles\3.3.0\CompilerIdC\CompilerIdC.pdb" /SUBSYSTEM:CONSOLE /TLBID:1 /DYNAMICBASE /NXCOMPAT /IMPLIB:".\CompilerIdC.lib" /MACHINE:X64 Debug\CMakeCCompilerId.obj
  CompilerIdC.vcxproj -> E:\DSP\x265\x265_1.7\build\vc10-x86_64\CMakeFiles\3.3.0\CompilerIdC\.\CompilerIdC.exe
Manifest:
  C:\Program Files (x86)\Microsoft SDKs\Windows\v7.0A\bin\mt.exe /nologo /verbose /outputresource:".\CompilerIdC.exe;#1" /manifest Debug\CompilerIdC.exe.intermediate.manifest
PostBuildEvent:
  for %%i in (cl.exe) do @echo CMAKE_C_COMPILER=%%~$PATH:i
  :VCEnd
  CMAKE_C_COMPILER=D:\Program Files (x86)\Microsoft Visual Studio 10.0\VC\bin\x86_amd64\cl.exe
FinalizeBuildStatus:
  正在删除文件“Debug\CompilerIdC.unsuccessfulbuild”。
  正在对“Debug\CompilerIdC.lastbuildstate”执行 Touch 任务。
已完成生成项目“E:\DSP\x265\x265_1.7\build\vc10-x86_64\CMakeFiles\3.3.0\CompilerIdC\CompilerIdC.vcxproj”(默认目标)的操作。

已成功生成。
    0 个警告
    0 个错误

已用时间 00:00:00.75


Compilation of the C compiler identification source "CMakeCCompilerId.c" produced "CompilerIdC.exe"

Compilation of the C compiler identification source "CMakeCCompilerId.c" produced "CompilerIdC.vcxproj"

The C compiler identification is MSVC, found in "E:/DSP/x265/x265_1.7/build/vc10-x86_64/CMakeFiles/3.3.0/CompilerIdC/CompilerIdC.exe"

Compiling the CXX compiler identification source file "CMakeCXXCompilerId.cpp" succeeded.
Compiler:  
Build flags: 
Id flags: 

The output was:
0
Microsoft(R) 生成引擎版本 4.0.30319.36315
[Microsoft .NET Framework 版本 4.0.30319.36315]
版权所有(C) Microsoft Corporation 2007。保留所有权利。

生成启动时间为 2015/7/28 9:51:46。
节点 1 上的项目“E:\DSP\x265\x265_1.7\build\vc10-x86_64\CMakeFiles\3.3.0\CompilerIdCXX\CompilerIdCXX.vcxproj”(默认目标)。
PrepareForBuild:
  正在创建目录“Debug\”。
InitializeBuildStatus:
  正在创建“Debug\CompilerIdCXX.unsuccessfulbuild”，因为已指定“AlwaysCreate”。
ClCompile:
  D:\Program Files (x86)\Microsoft Visual Studio 10.0\VC\bin\x86_amd64\CL.exe /c /nologo /W0 /WX- /Od /D _MBCS /Gm- /EHsc /RTC1 /MDd /GS /fp:precise /Zc:wchar_t /Zc:forScope /Fo"Debug\\" /Fd"Debug\vc100.pdb" /Gd /TP /errorReport:queue CMakeCXXCompilerId.cpp
  CMakeCXXCompilerId.cpp
Link:
  D:\Program Files (x86)\Microsoft Visual Studio 10.0\VC\bin\x86_amd64\link.exe /ERRORREPORT:QUEUE /OUT:".\CompilerIdCXX.exe" /INCREMENTAL:NO /NOLOGO kernel32.lib user32.lib gdi32.lib winspool.lib comdlg32.lib advapi32.lib shell32.lib ole32.lib oleaut32.lib uuid.lib odbc32.lib odbccp32.lib /MANIFEST /ManifestFile:"Debug\CompilerIdCXX.exe.intermediate.manifest" /MANIFESTUAC:"level='asInvoker' uiAccess='false'" /PDB:"E:\DSP\x265\x265_1.7\build\vc10-x86_64\CMakeFiles\3.3.0\CompilerIdCXX\CompilerIdCXX.pdb" /SUBSYSTEM:CONSOLE /TLBID:1 /DYNAMICBASE /NXCOMPAT /IMPLIB:".\CompilerIdCXX.lib" /MACHINE:X64 Debug\CMakeCXXCompilerId.obj
  CompilerIdCXX.vcxproj -> E:\DSP\x265\x265_1.7\build\vc10-x86_64\CMakeFiles\3.3.0\CompilerIdCXX\.\CompilerIdCXX.exe
Manifest:
  C:\Program Files (x86)\Microsoft SDKs\Windows\v7.0A\bin\mt.exe /nologo /verbose /outputresource:".\CompilerIdCXX.exe;#1" /manifest Debug\CompilerIdCXX.exe.intermediate.manifest
PostBuildEvent:
  for %%i in (cl.exe) do @echo CMAKE_CXX_COMPILER=%%~$PATH:i
  :VCEnd
  CMAKE_CXX_COMPILER=D:\Program Files (x86)\Microsoft Visual Studio 10.0\VC\bin\x86_amd64\cl.exe
FinalizeBuildStatus:
  正在删除文件“Debug\CompilerIdCXX.unsuccessfulbuild”。
  正在对“Debug\CompilerIdCXX.lastbuildstate”执行 Touch 任务。
已完成生成项目“E:\DSP\x265\x265_1.7\build\vc10-x86_64\CMakeFiles\3.3.0\CompilerIdCXX\CompilerIdCXX.vcxproj”(默认目标)的操作。

已成功生成。
    0 个警告
    0 个错误

已用时间 00:00:01.16


Compilation of the CXX compiler identification source "CMakeCXXCompilerId.cpp" produced "CompilerIdCXX.exe"

Compilation of the CXX compiler identification source "CMakeCXXCompilerId.cpp" produced "CompilerIdCXX.vcxproj"

The CXX compiler identification is MSVC, found in "E:/DSP/x265/x265_1.7/build/vc10-x86_64/CMakeFiles/3.3.0/CompilerIdCXX/CompilerIdCXX.exe"

Compiling the C compiler identification source file "CMakeCCompilerId.c" succeeded.
Compiler:  
Build flags: ;/DWIN32;/D_WINDOWS;/W3
Id flags: 

The output was:
0
Microsoft(R) 生成引擎版本 4.0.30319.36315
[Microsoft .NET Framework 版本 4.0.30319.36315]
版权所有(C) Microsoft Corporation 2007。保留所有权利。

生成启动时间为 2015/8/5 10:14:29。
节点 1 上的项目“E:\DSP\x265\x265_1.7\build\vc10-x86_64\CMakeFiles\3.3.0\CompilerIdC\CompilerIdC.vcxproj”(默认目标)。
PrepareForBuild:
  正在创建目录“Debug\”。
InitializeBuildStatus:
  正在创建“Debug\CompilerIdC.unsuccessfulbuild”，因为已指定“AlwaysCreate”。
ClCompile:
  D:\Program Files (x86)\Microsoft Visual Studio 10.0\VC\bin\x86_amd64\CL.exe /c /nologo /W0 /WX- /Od /D _MBCS /Gm- /EHsc /RTC1 /MDd /GS /fp:precise /Zc:wchar_t /Zc:forScope /Fo"Debug\\" /Fd"Debug\vc100.pdb" /Gd /TC /errorReport:queue CMakeCCompilerId.c
  CMakeCCompilerId.c
Link:
  D:\Program Files (x86)\Microsoft Visual Studio 10.0\VC\bin\x86_amd64\link.exe /ERRORREPORT:QUEUE /OUT:".\CompilerIdC.exe" /INCREMENTAL:NO /NOLOGO kernel32.lib user32.lib gdi32.lib winspool.lib comdlg32.lib advapi32.lib shell32.lib ole32.lib oleaut32.lib uuid.lib odbc32.lib odbccp32.lib /MANIFEST /ManifestFile:"Debug\CompilerIdC.exe.intermediate.manifest" /MANIFESTUAC:"level='asInvoker' uiAccess='false'" /PDB:"E:\DSP\x265\x265_1.7\build\vc10-x86_64\CMakeFiles\3.3.0\CompilerIdC\CompilerIdC.pdb" /SUBSYSTEM:CONSOLE /TLBID:1 /DYNAMICBASE /NXCOMPAT /IMPLIB:".\CompilerIdC.lib" /MACHINE:X64 Debug\CMakeCCompilerId.obj
  CompilerIdC.vcxproj -> E:\DSP\x265\x265_1.7\build\vc10-x86_64\CMakeFiles\3.3.0\CompilerIdC\.\CompilerIdC.exe
Manifest:
  C:\Program Files (x86)\Microsoft SDKs\Windows\v7.0A\bin\mt.exe /nologo /verbose /outputresource:".\CompilerIdC.exe;#1" /manifest Debug\CompilerIdC.exe.intermediate.manifest
PostBuildEvent:
  for %%i in (cl.exe) do @echo CMAKE_C_COMPILER=%%~$PATH:i
  :VCEnd
  CMAKE_C_COMPILER=D:\Program Files (x86)\Microsoft Visual Studio 10.0\VC\bin\x86_amd64\cl.exe
FinalizeBuildStatus:
  正在删除文件“Debug\CompilerIdC.unsuccessfulbuild”。
  正在对“Debug\CompilerIdC.lastbuildstate”执行 Touch 任务。
已完成生成项目“E:\DSP\x265\x265_1.7\build\vc10-x86_64\CMakeFiles\3.3.0\CompilerIdC\CompilerIdC.vcxproj”(默认目标)的操作。

已成功生成。
    0 个警告
    0 个错误

已用时间 00:00:02.17


Compilation of the C compiler identification source "CMakeCCompilerId.c" produced "CompilerIdC.exe"

Compilation of the C compiler identification source "CMakeCCompilerId.c" produced "CompilerIdC.vcxproj"

The C compiler identification is MSVC, found in "E:/DSP/x265/x265_1.7/build/vc10-x86_64/CMakeFiles/3.3.0/CompilerIdC/CompilerIdC.exe"

Compiling the CXX compiler identification source file "CMakeCXXCompilerId.cpp" succeeded.
Compiler:  
Build flags: 
Id flags: 

The output was:
0
Microsoft(R) 生成引擎版本 4.0.30319.36315
[Microsoft .NET Framework 版本 4.0.30319.36315]
版权所有(C) Microsoft Corporation 2007。保留所有权利。

生成启动时间为 2015/8/5 10:14:32。
节点 1 上的项目“E:\DSP\x265\x265_1.7\build\vc10-x86_64\CMakeFiles\3.3.0\CompilerIdCXX\CompilerIdCXX.vcxproj”(默认目标)。
PrepareForBuild:
  正在创建目录“Debug\”。
InitializeBuildStatus:
  正在创建“Debug\CompilerIdCXX.unsuccessfulbuild”，因为已指定“AlwaysCreate”。
ClCompile:
  D:\Program Files (x86)\Microsoft Visual Studio 10.0\VC\bin\x86_amd64\CL.exe /c /nologo /W0 /WX- /Od /D _MBCS /Gm- /EHsc /RTC1 /MDd /GS /fp:precise /Zc:wchar_t /Zc:forScope /Fo"Debug\\" /Fd"Debug\vc100.pdb" /Gd /TP /errorReport:queue CMakeCXXCompilerId.cpp
  CMakeCXXCompilerId.cpp
Link:
  D:\Program Files (x86)\Microsoft Visual Studio 10.0\VC\bin\x86_amd64\link.exe /ERRORREPORT:QUEUE /OUT:".\CompilerIdCXX.exe" /INCREMENTAL:NO /NOLOGO kernel32.lib user32.lib gdi32.lib winspool.lib comdlg32.lib advapi32.lib shell32.lib ole32.lib oleaut32.lib uuid.lib odbc32.lib odbccp32.lib /MANIFEST /ManifestFile:"Debug\CompilerIdCXX.exe.intermediate.manifest" /MANIFESTUAC:"level='asInvoker' uiAccess='false'" /PDB:"E:\DSP\x265\x265_1.7\build\vc10-x86_64\CMakeFiles\3.3.0\CompilerIdCXX\CompilerIdCXX.pdb" /SUBSYSTEM:CONSOLE /TLBID:1 /DYNAMICBASE /NXCOMPAT /IMPLIB:".\CompilerIdCXX.lib" /MACHINE:X64 Debug\CMakeCXXCompilerId.obj
  CompilerIdCXX.vcxproj -> E:\DSP\x265\x265_1.7\build\vc10-x86_64\CMakeFiles\3.3.0\CompilerIdCXX\.\CompilerIdCXX.exe
Manifest:
  C:\Program Files (x86)\Microsoft SDKs\Windows\v7.0A\bin\mt.exe /nologo /verbose /outputresource:".\CompilerIdCXX.exe;#1" /manifest Debug\CompilerIdCXX.exe.intermediate.manifest
PostBuildEvent:
  for %%i in (cl.exe) do @echo CMAKE_CXX_COMPILER=%%~$PATH:i
  :VCEnd
  CMAKE_CXX_COMPILER=D:\Program Files (x86)\Microsoft Visual Studio 10.0\VC\bin\x86_amd64\cl.exe
FinalizeBuildStatus:
  正在删除文件“Debug\CompilerIdCXX.unsuccessfulbuild”。
  正在对“Debug\CompilerIdCXX.lastbuildstate”执行 Touch 任务。
已完成生成项目“E:\DSP\x265\x265_1.7\build\vc10-x86_64\CMakeFiles\3.3.0\CompilerIdCXX\CompilerIdCXX.vcxproj”(默认目标)的操作。

已成功生成。
    0 个警告
    0 个错误

已用时间 00:00:00.88


Compilation of the CXX compiler identification source "CMakeCXXCompilerId.cpp" produced "CompilerIdCXX.exe"

Compilation of the CXX compiler identification source "CMakeCXXCompilerId.cpp" produced "CompilerIdCXX.vcxproj"

The CXX compiler identification is MSVC, found in "E:/DSP/x265/x265_1.7/build/vc10-x86_64/CMakeFiles/3.3.0/CompilerIdCXX/CompilerIdCXX.exe"

Compiling the C compiler identification source file "CMakeCCompilerId.c" succeeded.
Compiler:  
Build flags: ;/DWIN32;/D_WINDOWS;/W3
Id flags: 

The output was:
0
Microsoft(R) 生成引擎版本 4.0.30319.36315
[Microsoft .NET Framework 版本 4.0.30319.36315]
版权所有(C) Microsoft Corporation 2007。保留所有权利。

生成启动时间为 2015/8/5 10:15:33。
节点 1 上的项目“E:\DSP\x265\x265_1.7\build\vc10-x86_64\CMakeFiles\3.3.0\CompilerIdC\CompilerIdC.vcxproj”(默认目标)。
PrepareForBuild:
  正在创建目录“Debug\”。
InitializeBuildStatus:
  正在创建“Debug\CompilerIdC.unsuccessfulbuild”，因为已指定“AlwaysCreate”。
ClCompile:
  D:\Program Files (x86)\Microsoft Visual Studio 10.0\VC\bin\x86_amd64\CL.exe /c /nologo /W0 /WX- /Od /D _MBCS /Gm- /EHsc /RTC1 /MDd /GS /fp:precise /Zc:wchar_t /Zc:forScope /Fo"Debug\\" /Fd"Debug\vc100.pdb" /Gd /TC /errorReport:queue CMakeCCompilerId.c
  CMakeCCompilerId.c
Link:
  D:\Program Files (x86)\Microsoft Visual Studio 10.0\VC\bin\x86_amd64\link.exe /ERRORREPORT:QUEUE /OUT:".\CompilerIdC.exe" /INCREMENTAL:NO /NOLOGO kernel32.lib user32.lib gdi32.lib winspool.lib comdlg32.lib advapi32.lib shell32.lib ole32.lib oleaut32.lib uuid.lib odbc32.lib odbccp32.lib /MANIFEST /ManifestFile:"Debug\CompilerIdC.exe.intermediate.manifest" /MANIFESTUAC:"level='asInvoker' uiAccess='false'" /PDB:"E:\DSP\x265\x265_1.7\build\vc10-x86_64\CMakeFiles\3.3.0\CompilerIdC\CompilerIdC.pdb" /SUBSYSTEM:CONSOLE /TLBID:1 /DYNAMICBASE /NXCOMPAT /IMPLIB:".\CompilerIdC.lib" /MACHINE:X64 Debug\CMakeCCompilerId.obj
  CompilerIdC.vcxproj -> E:\DSP\x265\x265_1.7\build\vc10-x86_64\CMakeFiles\3.3.0\CompilerIdC\.\CompilerIdC.exe
Manifest:
  C:\Program Files (x86)\Microsoft SDKs\Windows\v7.0A\bin\mt.exe /nologo /verbose /outputresource:".\CompilerIdC.exe;#1" /manifest Debug\CompilerIdC.exe.intermediate.manifest
PostBuildEvent:
  for %%i in (cl.exe) do @echo CMAKE_C_COMPILER=%%~$PATH:i
  :VCEnd
  CMAKE_C_COMPILER=D:\Program Files (x86)\Microsoft Visual Studio 10.0\VC\bin\x86_amd64\cl.exe
FinalizeBuildStatus:
  正在删除文件“Debug\CompilerIdC.unsuccessfulbuild”。
  正在对“Debug\CompilerIdC.lastbuildstate”执行 Touch 任务。
已完成生成项目“E:\DSP\x265\x265_1.7\build\vc10-x86_64\CMakeFiles\3.3.0\CompilerIdC\CompilerIdC.vcxproj”(默认目标)的操作。

已成功生成。
    0 个警告
    0 个错误

已用时间 00:00:02.78


Compilation of the C compiler identification source "CMakeCCompilerId.c" produced "CompilerIdC.exe"

Compilation of the C compiler identification source "CMakeCCompilerId.c" produced "CompilerIdC.vcxproj"

The C compiler identification is MSVC, found in "E:/DSP/x265/x265_1.7/build/vc10-x86_64/CMakeFiles/3.3.0/CompilerIdC/CompilerIdC.exe"

Compiling the CXX compiler identification source file "CMakeCXXCompilerId.cpp" succeeded.
Compiler:  
Build flags: 
Id flags: 

The output was:
0
Microsoft(R) 生成引擎版本 4.0.30319.36315
[Microsoft .NET Framework 版本 4.0.30319.36315]
版权所有(C) Microsoft Corporation 2007。保留所有权利。

生成启动时间为 2015/8/5 10:15:36。
节点 1 上的项目“E:\DSP\x265\x265_1.7\build\vc10-x86_64\CMakeFiles\3.3.0\CompilerIdCXX\CompilerIdCXX.vcxproj”(默认目标)。
PrepareForBuild:
  正在创建目录“Debug\”。
InitializeBuildStatus:
  正在创建“Debug\CompilerIdCXX.unsuccessfulbuild”，因为已指定“AlwaysCreate”。
ClCompile:
  D:\Program Files (x86)\Microsoft Visual Studio 10.0\VC\bin\x86_amd64\CL.exe /c /nologo /W0 /WX- /Od /D _MBCS /Gm- /EHsc /RTC1 /MDd /GS /fp:precise /Zc:wchar_t /Zc:forScope /Fo"Debug\\" /Fd"Debug\vc100.pdb" /Gd /TP /errorReport:queue CMakeCXXCompilerId.cpp
  CMakeCXXCompilerId.cpp
Link:
  D:\Program Files (x86)\Microsoft Visual Studio 10.0\VC\bin\x86_amd64\link.exe /ERRORREPORT:QUEUE /OUT:".\CompilerIdCXX.exe" /INCREMENTAL:NO /NOLOGO kernel32.lib user32.lib gdi32.lib winspool.lib comdlg32.lib advapi32.lib shell32.lib ole32.lib oleaut32.lib uuid.lib odbc32.lib odbccp32.lib /MANIFEST /ManifestFile:"Debug\CompilerIdCXX.exe.intermediate.manifest" /MANIFESTUAC:"level='asInvoker' uiAccess='false'" /PDB:"E:\DSP\x265\x265_1.7\build\vc10-x86_64\CMakeFiles\3.3.0\CompilerIdCXX\CompilerIdCXX.pdb" /SUBSYSTEM:CONSOLE /TLBID:1 /DYNAMICBASE /NXCOMPAT /IMPLIB:".\CompilerIdCXX.lib" /MACHINE:X64 Debug\CMakeCXXCompilerId.obj
  CompilerIdCXX.vcxproj -> E:\DSP\x265\x265_1.7\build\vc10-x86_64\CMakeFiles\3.3.0\CompilerIdCXX\.\CompilerIdCXX.exe
Manifest:
  C:\Program Files (x86)\Microsoft SDKs\Windows\v7.0A\bin\mt.exe /nologo /verbose /outputresource:".\CompilerIdCXX.exe;#1" /manifest Debug\CompilerIdCXX.exe.intermediate.manifest
PostBuildEvent:
  for %%i in (cl.exe) do @echo CMAKE_CXX_COMPILER=%%~$PATH:i
  :VCEnd
  CMAKE_CXX_COMPILER=D:\Program Files (x86)\Microsoft Visual Studio 10.0\VC\bin\x86_amd64\cl.exe
FinalizeBuildStatus:
  正在删除文件“Debug\CompilerIdCXX.unsuccessfulbuild”。
  正在对“Debug\CompilerIdCXX.lastbuildstate”执行 Touch 任务。
已完成生成项目“E:\DSP\x265\x265_1.7\build\vc10-x86_64\CMakeFiles\3.3.0\CompilerIdCXX\CompilerIdCXX.vcxproj”(默认目标)的操作。

已成功生成。
    0 个警告
    0 个错误

已用时间 00:00:02.53


Compilation of the CXX compiler identification source "CMakeCXXCompilerId.cpp" produced "CompilerIdCXX.exe"

Compilation of the CXX compiler identification source "CMakeCXXCompilerId.cpp" produced "CompilerIdCXX.vcxproj"

The CXX compiler identification is MSVC, found in "E:/DSP/x265/x265_1.7/build/vc10-x86_64/CMakeFiles/3.3.0/CompilerIdCXX/CompilerIdCXX.exe"

